================================= Data summary =================================
Data frame has 7688 rows and 12 columns

Sampling 10 rows of data
+------+-----+-----+-------+-------+-------+-------+-------+-------+------+---------+-------+---------+
|      | A   | B   |   eAA |   eBB |   eAB |   rAA |   rBB |   rAB |   fB |   logRc |     W |   group |
|------+-----+-----+-------+-------+-------+-------+-------+-------+------+---------+-------+---------|
| 4497 | L   | J   |     1 |   0.8 |  0.4  |  1    |  1    | 1     |  0.4 |  -2.353 | 0.437 |       1 |
| 2281 | L   | J   |     1 |   0.3 |  2.25 |  1    |  0.95 | 0.975 |  0.2 |  -2.329 | 0.443 |       2 |
| 6260 | L   | J   |     1 |   0.6 |  3    |  1    |  1.02 | 1.01  |  0.5 |  -3.187 | 0.48  |       5 |
|  226 | L   | J   |     1 |   0.3 |  0.85 |  0.95 |  1    | 0.975 |  0.2 |  -2.385 | 0.447 |       3 |
| 4574 | L   | J   |     1 |   0.8 |  3.75 |  1    |  1    | 1     |  0.4 |  -3.692 | 0.491 |       1 |
| 2608 | L   | J   |     1 |   0.8 |  0.5  |  1    |  0.95 | 0.975 |  0.4 |  -2.578 | 0.463 |       2 |
| 3016 | L   | J   |     1 |   0.9 |  0.8  |  1    |  0.95 | 0.975 |  0.6 |  -2.594 | 0.44  |       2 |
| 1369 | L   | J   |     1 |   0.6 |  0.3  |  0.95 |  1    | 0.975 |  0.7 |  -2.594 | 0.453 |       3 |
|  635 | L   | J   |     1 |   0.2 |  0.5  |  0.95 |  1    | 0.975 |  0.4 |  -2.578 | 0.424 |       3 |
| 1335 | L   | J   |     1 |   0.9 |  0.7  |  0.95 |  1    | 0.975 |  0.7 |  -2.61  | 0.461 |       3 |
+------+-----+-----+-------+-------+-------+-------+-------+-------+------+---------+-------+---------+

Statistics of each column of data 
+-------+-------+---------+---------+---------+---------+---------+---------+---------+---------+---------+
|       |   eAA |     eBB |     eAB |     rAA |     rBB |     rAB |      fB |   logRc |       W |   group |
|-------+-------+---------+---------+---------+---------+---------+---------+---------+---------+---------|
| count |  7688 | 7688    | 7688    | 7688    | 7688    | 7688    | 7688    | 7688    | 7688    | 7688    |
| mean  |     1 |    0.56 |    1.25 |    0.99 |    0.98 |    0.99 |    0.5  |   -3.55 |    0.47 |    2.63 |
| std   |     0 |    0.29 |    0.85 |    0.02 |    0.09 |    0.05 |    0.25 |    1.52 |    0.06 |    1.3  |
| min   |     1 |    0.05 |    0.3  |    0.95 |    0.7  |    0.85 |    0.05 |   -6    |    0.07 |    1    |
| 25%   |     1 |    0.3  |    0.74 |    1    |    0.95 |    0.98 |    0.3  |   -6    |    0.44 |    2    |
| 50%   |     1 |    0.6  |    0.92 |    1    |    1    |    0.98 |    0.5  |   -2.73 |    0.47 |    3    |
| 75%   |     1 |    0.8  |    1.5  |    1    |    1    |    1    |    0.7  |   -2.37 |    0.51 |    4    |
| max   |     1 |    1    |    5    |    1    |    1.43 |    1.22 |    0.95 |   -1.72 |    0.61 |    5    |
+-------+-------+---------+---------+---------+---------+---------+---------+---------+---------+---------+

Rows with NAN in any column
+-----+-----+-------+-------+-------+-------+-------+-------+------+---------+-----+---------+
| A   | B   | eAA   | eBB   | eAB   | rAA   | rBB   | rAB   | fB   | logRc   | W   | group   |
|-----+-----+-------+-------+-------+-------+-------+-------+------+---------+-----+---------|
+-----+-----+-------+-------+-------+-------+-------+-------+------+---------+-----+---------+
============================ Done with data summary ============================
+----+-----+-----+
|    |   a |   b |
|----+-----+-----|
|  0 | nan |   4 |
|  1 |   2 |   5 |
|  2 |   3 | nan |
+----+-----+-----+
+----+-----+-----+
|    |   a |   b |
|----+-----+-----|
|  1 |   2 |   5 |
+----+-----+-----+
