
+-------------------+
| Data Manipulation |
+-------------------+

...read order and user data...

...check original order_data...
+----+------+--------------+-------+----------------+----------+
|    |   id | ts           |   uid |        orderid |   amount |
|----+------+--------------+-------+----------------+----------|
|  0 |    1 | 8/1/19 9:15  | 10005 | 20190801091540 |    48.43 |
|  1 |    2 | 8/1/19 10:00 | 10001 | 20190801100006 |    89.33 |
|  2 |    3 | 8/1/19 10:04 | 10003 | 20190801091540 |    63.86 |
|  3 |    4 | 8/1/19 12:17 | 10002 | 20190801121742 |     3.16 |
|  4 |    5 | 8/1/19 14:05 | 10001 | 20190801140515 |    87.15 |
|  5 |    6 | 8/1/19 14:05 | 10004 | 20190801140529 |    88.65 |
|  6 |    7 | 8/2/19 8:13  | 10009 | 20190802081315 |    36.02 |
|  7 |    8 | 8/2/19 11:14 | 10009 | 20190802111424 |    95.66 |
|  8 |    9 | 8/2/19 13:18 | 10005 | 20190802131801 |    89.36 |
|  9 |   10 | 8/2/19 15:18 | 10001 | 20190802151834 |    71.38 |
| 10 |   11 | 8/2/19 16:00 | 10005 | 20190802160014 |    63.13 |
| 11 |   12 | 8/2/19 17:03 | 10003 | 20190802170356 |    79.33 |
| 12 |   13 | 8/2/19 17:11 | 10002 | 20190802171115 |    56.78 |
| 13 |   14 | 8/2/19 19:05 | 10008 | 20190802190518 |    23.1  |
| 14 |   15 | 8/2/19 20:07 | 10005 | 20190802200717 |    73.82 |
| 15 |   16 | 8/2/19 20:08 | 10001 | 20190802200816 |    82.12 |
| 16 |   17 | 8/2/19 20:10 | 10003 | 20190802201002 |    32.01 |
| 17 |   18 | 8/3/19 9:02  | 10009 | 20190803090247 |     2.7  |
| 18 |   19 | 8/3/19 10:08 | 10003 | 20190803100858 |    50.4  |
| 19 |   20 | 8/3/19 12:08 | 10009 | 20190803120818 |    47.99 |
+----+------+--------------+-------+----------------+----------+

...print original user_data...
+----+------+-------+------------+-------+
|    |   id |   uid | username   |   age |
|----+------+-------+------------+-------|
|  0 |    1 | 10001 | nick       |    23 |
|  1 |    2 | 10002 | bob        |    24 |
|  2 |    3 | 10003 | david      |    17 |
|  3 |    4 | 10004 | alice      |    29 |
|  4 |    5 | 10005 | tom        |    30 |
|  5 |    6 | 10006 | jim        |    43 |
|  6 |    7 | 10007 | jimmy      |    41 |
|  7 |    8 | 10008 | john       |    28 |
|  8 |    9 | 10009 | frank      |    20 |
+----+------+-------+------------+-------+

...check partial data...
+----+------+--------------+-------+----------------+----------+
|    |   id | ts           |   uid |        orderid |   amount |
|----+------+--------------+-------+----------------+----------|
|  0 |    1 | 8/1/19 9:15  | 10005 | 20190801091540 |    48.43 |
|  1 |    2 | 8/1/19 10:00 | 10001 | 20190801100006 |    89.33 |
|  2 |    3 | 8/1/19 10:04 | 10003 | 20190801091540 |    63.86 |
|  3 |    4 | 8/1/19 12:17 | 10002 | 20190801121742 |     3.16 |
|  4 |    5 | 8/1/19 14:05 | 10001 | 20190801140515 |    87.15 |
|  5 |    6 | 8/1/19 14:05 | 10004 | 20190801140529 |    88.65 |
|  6 |    7 | 8/2/19 8:13  | 10009 | 20190802081315 |    36.02 |
|  7 |    8 | 8/2/19 11:14 | 10009 | 20190802111424 |    95.66 |
|  8 |    9 | 8/2/19 13:18 | 10005 | 20190802131801 |    89.36 |
|  9 |   10 | 8/2/19 15:18 | 10001 | 20190802151834 |    71.38 |
+----+------+--------------+-------+----------------+----------+

+------------------+
| Column Selection |
+------------------+

...check orderid and amount columns...
+----+-------------+----------+
|    |     orderid |   amount |
|----+-------------+----------|
|  0 | 2.01908e+13 |    48.43 |
|  1 | 2.01908e+13 |    89.33 |
|  2 | 2.01908e+13 |    63.86 |
|  3 | 2.01908e+13 |     3.16 |
|  4 | 2.01908e+13 |    87.15 |
|  5 | 2.01908e+13 |    88.65 |
|  6 | 2.01908e+13 |    36.02 |
|  7 | 2.01908e+13 |    95.66 |
|  8 | 2.01908e+13 |    89.36 |
|  9 | 2.01908e+13 |    71.38 |
| 10 | 2.01908e+13 |    63.13 |
| 11 | 2.01908e+13 |    79.33 |
| 12 | 2.01908e+13 |    56.78 |
| 13 | 2.01908e+13 |    23.1  |
| 14 | 2.01908e+13 |    73.82 |
| 15 | 2.01908e+13 |    82.12 |
| 16 | 2.01908e+13 |    32.01 |
| 17 | 2.01908e+13 |     2.7  |
| 18 | 2.01908e+13 |    50.4  |
| 19 | 2.01908e+13 |    47.99 |
+----+-------------+----------+

+-----------------+
| Unique Values   |
+-----------------+
---SQL---
select distinct orderid
from order_data
[20190801091540 20190801100006 20190801121742 20190801140515
 20190801140529 20190802081315 20190802111424 20190802131801
 20190802151834 20190802160014 20190802170356 20190802171115
 20190802190518 20190802200717 20190802200816 20190802201002
 20190803090247 20190803100858 20190803120818]

+-----------------+
| Count Distinct  |
+-----------------+
---SQL---
select count(distinct orderid) 
from order_data

19

+------------------+
| Filter Operation |
+------------------+
---SQL---
select * 
from order_data
where uid = 10003
+----+------+--------------+-------+----------------+----------+
|    |   id | ts           |   uid |        orderid |   amount |
|----+------+--------------+-------+----------------+----------|
|  2 |    3 | 8/1/19 10:04 | 10003 | 20190801091540 |    63.86 |
| 11 |   12 | 8/2/19 17:03 | 10003 | 20190802170356 |    79.33 |
| 16 |   17 | 8/2/19 20:10 | 10003 | 20190802201002 |    32.01 |
| 18 |   19 | 8/3/19 10:08 | 10003 | 20190803100858 |    50.4  |
+----+------+--------------+-------+----------------+----------+
---SQL---
select * 
from order_data
where uid = 10003 and amount > 50
+----+------+--------------+-------+----------------+----------+
|    |   id | ts           |   uid |        orderid |   amount |
|----+------+--------------+-------+----------------+----------|
|  2 |    3 | 8/1/19 10:04 | 10003 | 20190801091540 |    63.86 |
| 11 |   12 | 8/2/19 17:03 | 10003 | 20190802170356 |    79.33 |
| 18 |   19 | 8/3/19 10:08 | 10003 | 20190803100858 |    50.4  |
+----+------+--------------+-------+----------------+----------+
---SQL---
select * 
from order_data
where uid = 10003 or amount > 50
+----+------+--------------+-------+----------------+----------+
|    |   id | ts           |   uid |        orderid |   amount |
|----+------+--------------+-------+----------------+----------|
|  1 |    2 | 8/1/19 10:00 | 10001 | 20190801100006 |    89.33 |
|  2 |    3 | 8/1/19 10:04 | 10003 | 20190801091540 |    63.86 |
|  4 |    5 | 8/1/19 14:05 | 10001 | 20190801140515 |    87.15 |
|  5 |    6 | 8/1/19 14:05 | 10004 | 20190801140529 |    88.65 |
|  7 |    8 | 8/2/19 11:14 | 10009 | 20190802111424 |    95.66 |
|  8 |    9 | 8/2/19 13:18 | 10005 | 20190802131801 |    89.36 |
|  9 |   10 | 8/2/19 15:18 | 10001 | 20190802151834 |    71.38 |
| 10 |   11 | 8/2/19 16:00 | 10005 | 20190802160014 |    63.13 |
| 11 |   12 | 8/2/19 17:03 | 10003 | 20190802170356 |    79.33 |
| 12 |   13 | 8/2/19 17:11 | 10002 | 20190802171115 |    56.78 |
| 14 |   15 | 8/2/19 20:07 | 10005 | 20190802200717 |    73.82 |
| 15 |   16 | 8/2/19 20:08 | 10001 | 20190802200816 |    82.12 |
| 16 |   17 | 8/2/19 20:10 | 10003 | 20190802201002 |    32.01 |
| 18 |   19 | 8/3/19 10:08 | 10003 | 20190803100858 |    50.4  |
+----+------+--------------+-------+----------------+----------+
---SQL---
select * 
from order_data
where uid is null
+------+------+-------+-----------+----------+
| id   | ts   | uid   | orderid   | amount   |
|------+------+-------+-----------+----------|
+------+------+-------+-----------+----------+
---SQL---
select * 
from order_data
where uid is not null
+----+------+--------------+-------+----------------+----------+
|    |   id | ts           |   uid |        orderid |   amount |
|----+------+--------------+-------+----------------+----------|
|  0 |    1 | 8/1/19 9:15  | 10005 | 20190801091540 |    48.43 |
|  1 |    2 | 8/1/19 10:00 | 10001 | 20190801100006 |    89.33 |
|  2 |    3 | 8/1/19 10:04 | 10003 | 20190801091540 |    63.86 |
|  3 |    4 | 8/1/19 12:17 | 10002 | 20190801121742 |     3.16 |
|  4 |    5 | 8/1/19 14:05 | 10001 | 20190801140515 |    87.15 |
|  5 |    6 | 8/1/19 14:05 | 10004 | 20190801140529 |    88.65 |
|  6 |    7 | 8/2/19 8:13  | 10009 | 20190802081315 |    36.02 |
|  7 |    8 | 8/2/19 11:14 | 10009 | 20190802111424 |    95.66 |
|  8 |    9 | 8/2/19 13:18 | 10005 | 20190802131801 |    89.36 |
|  9 |   10 | 8/2/19 15:18 | 10001 | 20190802151834 |    71.38 |
| 10 |   11 | 8/2/19 16:00 | 10005 | 20190802160014 |    63.13 |
| 11 |   12 | 8/2/19 17:03 | 10003 | 20190802170356 |    79.33 |
| 12 |   13 | 8/2/19 17:11 | 10002 | 20190802171115 |    56.78 |
| 13 |   14 | 8/2/19 19:05 | 10008 | 20190802190518 |    23.1  |
| 14 |   15 | 8/2/19 20:07 | 10005 | 20190802200717 |    73.82 |
| 15 |   16 | 8/2/19 20:08 | 10001 | 20190802200816 |    82.12 |
| 16 |   17 | 8/2/19 20:10 | 10003 | 20190802201002 |    32.01 |
| 17 |   18 | 8/3/19 9:02  | 10009 | 20190803090247 |     2.7  |
| 18 |   19 | 8/3/19 10:08 | 10003 | 20190803100858 |    50.4  |
| 19 |   20 | 8/3/19 12:08 | 10009 | 20190803120818 |    47.99 |
+----+------+--------------+-------+----------------+----------+

+-----------------+
| Group Operation |
+-----------------+
---SQL---
select uid, count(distinct orderid) 
from order_data
group by uid
+----+-------+-----------+
|    |   uid |   orderid |
|----+-------+-----------|
|  0 | 10001 |         4 |
|  1 | 10002 |         2 |
|  2 | 10003 |         4 |
|  3 | 10004 |         1 |
|  4 | 10005 |         4 |
|  5 | 10008 |         1 |
|  6 | 10009 |         4 |
+----+-------+-----------+
---SQL---
select uid, count(orderid) 
from order_data
group by uid
+----+-------+-----------+
|    |   uid |   orderid |
|----+-------+-----------|
|  0 | 10001 |         4 |
|  1 | 10002 |         2 |
|  2 | 10003 |         4 |
|  3 | 10004 |         1 |
|  4 | 10005 |         4 |
|  5 | 10008 |         1 |
|  6 | 10009 |         4 |
+----+-------+-----------+
---SQL---
select uid, count(distinct orderid) as order_cnt, sum(amount) as sum_amount 
from order_data
group by uid
/home/jovyan/data_manipulation.py:142: FutureWarning: Indexing with multiple keys (implicitly converted to a tuple of keys) will be deprecated, use a list instead.
  log_table(order_data.groupby("uid")["orderid", "amount"].agg(
+----+-------+-----------+----------+
|    |   uid |   orderid |   amount |
|----+-------+-----------+----------|
|  0 | 10001 |         4 |   329.98 |
|  1 | 10002 |         2 |    59.94 |
|  2 | 10003 |         4 |   225.6  |
|  3 | 10004 |         1 |    88.65 |
|  4 | 10005 |         4 |   274.74 |
|  5 | 10008 |         1 |    23.1  |
|  6 | 10009 |         4 |   182.37 |
+----+-------+-----------+----------+

+----------------+
| Join Operation |
+----------------+
---SQL---
select * from user as u 
left join
order as o
on u.uid = o.uid
+----+--------+-------+------------+-------+--------+--------------+---------------+----------+
|    |   id_x |   uid | username   |   age |   id_y | ts           |       orderid |   amount |
|----+--------+-------+------------+-------+--------+--------------+---------------+----------|
|  0 |      1 | 10001 | nick       |    23 |      2 | 8/1/19 10:00 |   2.01908e+13 |    89.33 |
|  1 |      1 | 10001 | nick       |    23 |      5 | 8/1/19 14:05 |   2.01908e+13 |    87.15 |
|  2 |      1 | 10001 | nick       |    23 |     10 | 8/2/19 15:18 |   2.01908e+13 |    71.38 |
|  3 |      1 | 10001 | nick       |    23 |     16 | 8/2/19 20:08 |   2.01908e+13 |    82.12 |
|  4 |      2 | 10002 | bob        |    24 |      4 | 8/1/19 12:17 |   2.01908e+13 |     3.16 |
|  5 |      2 | 10002 | bob        |    24 |     13 | 8/2/19 17:11 |   2.01908e+13 |    56.78 |
|  6 |      3 | 10003 | david      |    17 |      3 | 8/1/19 10:04 |   2.01908e+13 |    63.86 |
|  7 |      3 | 10003 | david      |    17 |     12 | 8/2/19 17:03 |   2.01908e+13 |    79.33 |
|  8 |      3 | 10003 | david      |    17 |     17 | 8/2/19 20:10 |   2.01908e+13 |    32.01 |
|  9 |      3 | 10003 | david      |    17 |     19 | 8/3/19 10:08 |   2.01908e+13 |    50.4  |
| 10 |      4 | 10004 | alice      |    29 |      6 | 8/1/19 14:05 |   2.01908e+13 |    88.65 |
| 11 |      5 | 10005 | tom        |    30 |      1 | 8/1/19 9:15  |   2.01908e+13 |    48.43 |
| 12 |      5 | 10005 | tom        |    30 |      9 | 8/2/19 13:18 |   2.01908e+13 |    89.36 |
| 13 |      5 | 10005 | tom        |    30 |     11 | 8/2/19 16:00 |   2.01908e+13 |    63.13 |
| 14 |      5 | 10005 | tom        |    30 |     15 | 8/2/19 20:07 |   2.01908e+13 |    73.82 |
| 15 |      6 | 10006 | jim        |    43 |    nan | nan          | nan           |   nan    |
| 16 |      7 | 10007 | jimmy      |    41 |    nan | nan          | nan           |   nan    |
| 17 |      8 | 10008 | john       |    28 |     14 | 8/2/19 19:05 |   2.01908e+13 |    23.1  |
| 18 |      9 | 10009 | frank      |    20 |      7 | 8/2/19 8:13  |   2.01908e+13 |    36.02 |
| 19 |      9 | 10009 | frank      |    20 |      8 | 8/2/19 11:14 |   2.01908e+13 |    95.66 |
| 20 |      9 | 10009 | frank      |    20 |     18 | 8/3/19 9:02  |   2.01908e+13 |     2.7  |
| 21 |      9 | 10009 | frank      |    20 |     20 | 8/3/19 12:08 |   2.01908e+13 |    47.99 |
+----+--------+-------+------------+-------+--------+--------------+---------------+----------+

+-----------------+
| Union Operation |
+-----------------+
---SQL---
select * from order1
union
select * from order2
+----+------+--------------+-------+----------------+----------+
|    |   id | ts           |   uid |        orderid |   amount |
|----+------+--------------+-------+----------------+----------|
|  0 |    1 | 8/1/19 9:15  | 10005 | 20190801091540 |    48.43 |
|  1 |    2 | 8/1/19 10:00 | 10001 | 20190801100006 |    89.33 |
|  2 |    3 | 8/1/19 10:04 | 10003 | 20190801091540 |    63.86 |
|  3 |    4 | 8/1/19 12:17 | 10002 | 20190801121742 |     3.16 |
|  4 |    5 | 8/1/19 14:05 | 10001 | 20190801140515 |    87.15 |
|  5 |    6 | 8/1/19 14:05 | 10004 | 20190801140529 |    88.65 |
|  6 |    7 | 8/2/19 8:13  | 10009 | 20190802081315 |    36.02 |
|  7 |    8 | 8/2/19 11:14 | 10009 | 20190802111424 |    95.66 |
|  8 |    9 | 8/2/19 13:18 | 10005 | 20190802131801 |    89.36 |
|  9 |   10 | 8/2/19 15:18 | 10001 | 20190802151834 |    71.38 |
| 10 |   11 | 8/2/19 16:00 | 10005 | 20190802160014 |    63.13 |
| 11 |   12 | 8/2/19 17:03 | 10003 | 20190802170356 |    79.33 |
| 12 |   13 | 8/2/19 17:11 | 10002 | 20190802171115 |    56.78 |
| 13 |   14 | 8/2/19 19:05 | 10008 | 20190802190518 |    23.1  |
| 14 |   15 | 8/2/19 20:07 | 10005 | 20190802200717 |    73.82 |
| 15 |   16 | 8/2/19 20:08 | 10001 | 20190802200816 |    82.12 |
| 16 |   17 | 8/2/19 20:10 | 10003 | 20190802201002 |    32.01 |
| 17 |   18 | 8/3/19 9:02  | 10009 | 20190803090247 |     2.7  |
| 18 |   19 | 8/3/19 10:08 | 10003 | 20190803100858 |    50.4  |
| 19 |   20 | 8/3/19 12:08 | 10009 | 20190803120818 |    47.99 |
+----+------+--------------+-------+----------------+----------+

+-----------------+
| Order Operation |
+-----------------+
---SQL---
select uid, count(distinct orderid)
from order_data
group by uid
order by count(distinct orderid) desc
+----+-------+-----------+
|    |   uid |   orderid |
|----+-------+-----------|
|  0 | 10001 |         4 |
|  1 | 10003 |         4 |
|  2 | 10005 |         4 |
|  3 | 10009 |         4 |
|  4 | 10002 |         2 |
|  5 | 10004 |         1 |
|  6 | 10008 |         1 |
+----+-------+-----------+
---SQL---
select uid, count(distinct orderid), sum(amount)
from order_data
group by uid
order by uid desc, sum(amount)
/home/jovyan/data_manipulation.py:200: FutureWarning: Indexing with multiple keys (implicitly converted to a tuple of keys) will be deprecated, use a list instead.
  res_df = order_data.groupby("uid")["orderid", "amount"].agg({"orderid": np.size, "amount": np.sum}).reset_index().rename(
+----+-------+-------------+--------------+
|    |   uid |   order_cnt |   amount_sum |
|----+-------+-------------+--------------|
|  6 | 10009 |           4 |       182.37 |
|  5 | 10008 |           1 |        23.1  |
|  4 | 10005 |           4 |       274.74 |
|  3 | 10004 |           1 |        88.65 |
|  2 | 10003 |           4 |       225.6  |
|  1 | 10002 |           2 |        59.94 |
|  0 | 10001 |           4 |       329.98 |
+----+-------+-------------+--------------+

+---------------------+
| Case When Operation |
+---------------------+
---SQL---
select uid, order_cnt,
case when sum_amount < 300 then '[0, 300]'
     when sum_amount >= 300 and sum_amount < 600 then '[300, 600]'
     when sum_amount >= 600 and sum_amount < 900 then '[600, 900]'
else 'other' end as amt_interval
from
(
   select uid, count(distinct orderid) as order_cnt, sum(amount) as sum_amount
   from order_data
   group by uid
   order by uid desc, sum(amount)
) as a
+----+-------+-------------+--------------+----------------+
|    |   uid |   order_cnt |   amount_sum | amt_interval   |
|----+-------+-------------+--------------+----------------|
|  6 | 10009 |           4 |       182.37 | [0, 300]       |
|  5 | 10008 |           1 |        23.1  | [0, 300]       |
|  4 | 10005 |           4 |       274.74 | [0, 300]       |
|  3 | 10004 |           1 |        88.65 | [0, 300]       |
|  2 | 10003 |           4 |       225.6  | [0, 300]       |
|  1 | 10002 |           2 |        59.94 | [0, 300]       |
|  0 | 10001 |           4 |       329.98 | [300, 600]     |
+----+-------+-------------+--------------+----------------+

+------------------+
| Update Operation |
+------------------+
---SQL---
update user set age = 20
where age < 20

+----+------+-------+------------+-------+
|    |   id |   uid | username   |   age |
|----+------+-------+------------+-------|
|  0 |    1 | 10001 | nick       |    23 |
|  1 |    2 | 10002 | bob        |    24 |
|  2 |    3 | 10003 | david      |    20 |
|  3 |    4 | 10004 | alice      |    29 |
|  4 |    5 | 10005 | tom        |    30 |
|  5 |    6 | 10006 | jim        |    43 |
|  6 |    7 | 10007 | jimmy      |    41 |
|  7 |    8 | 10008 | john       |    28 |
|  8 |    9 | 10009 | frank      |    20 |
+----+------+-------+------------+-------+

+------------------+
| Delete Operation |
+------------------+
+----+------+-------+------------+-------+
|    |   id |   uid | username   |   age |
|----+------+-------+------------+-------|
|  0 |    1 | 10001 | nick       |    23 |
|  1 |    2 | 10002 | bob        |    24 |
|  2 |    3 | 10003 | david      |    20 |
|  3 |    4 | 10004 | alice      |    29 |
|  5 |    6 | 10006 | jim        |    43 |
|  6 |    7 | 10007 | jimmy      |    41 |
|  7 |    8 | 10008 | john       |    28 |
|  8 |    9 | 10009 | frank      |    20 |
+----+------+-------+------------+-------+
+----+------+------------+-------+
|    |   id | username   |   age |
|----+------+------------+-------|
|  0 |    1 | nick       |    23 |
|  1 |    2 | bob        |    24 |
|  2 |    3 | david      |    20 |
|  3 |    4 | alice      |    29 |
|  4 |    5 | tom        |    30 |
|  5 |    6 | jim        |    43 |
|  6 |    7 | jimmy      |    41 |
|  7 |    8 | john       |    28 |
|  8 |    9 | frank      |    20 |
+----+------+------------+-------+

+-----------------+
| String Matching |
+-----------------+
---SQL---
select *
from order_data
where ts like '%8/1%'
+----+------+--------------+-------+----------------+----------+
|    |   id | ts           |   uid |        orderid |   amount |
|----+------+--------------+-------+----------------+----------|
|  0 |    1 | 8/1/19 9:15  | 10005 | 20190801091540 |    48.43 |
|  1 |    2 | 8/1/19 10:00 | 10001 | 20190801100006 |    89.33 |
|  2 |    3 | 8/1/19 10:04 | 10003 | 20190801091540 |    63.86 |
|  3 |    4 | 8/1/19 12:17 | 10002 | 20190801121742 |     3.16 |
|  4 |    5 | 8/1/19 14:05 | 10001 | 20190801140515 |    87.15 |
|  5 |    6 | 8/1/19 14:05 | 10004 | 20190801140529 |    88.65 |
+----+------+--------------+-------+----------------+----------+

+----------------------+
| Row_number Operation |
+----------------------+
---SQL---
select *, row_number() over (partition by uid order by orderid desc) as rank
from order_data
+----+------+--------------+-------+----------------+----------+--------+
|    |   id | ts           |   uid |        orderid |   amount |   rank |
|----+------+--------------+-------+----------------+----------+--------|
| 15 |   16 | 8/2/19 20:08 | 10001 | 20190802200816 |    82.12 |      1 |
|  9 |   10 | 8/2/19 15:18 | 10001 | 20190802151834 |    71.38 |      2 |
|  4 |    5 | 8/1/19 14:05 | 10001 | 20190801140515 |    87.15 |      3 |
|  1 |    2 | 8/1/19 10:00 | 10001 | 20190801100006 |    89.33 |      4 |
| 12 |   13 | 8/2/19 17:11 | 10002 | 20190802171115 |    56.78 |      1 |
|  3 |    4 | 8/1/19 12:17 | 10002 | 20190801121742 |     3.16 |      2 |
| 18 |   19 | 8/3/19 10:08 | 10003 | 20190803100858 |    50.4  |      1 |
| 16 |   17 | 8/2/19 20:10 | 10003 | 20190802201002 |    32.01 |      2 |
| 11 |   12 | 8/2/19 17:03 | 10003 | 20190802170356 |    79.33 |      3 |
|  2 |    3 | 8/1/19 10:04 | 10003 | 20190801091540 |    63.86 |      4 |
|  5 |    6 | 8/1/19 14:05 | 10004 | 20190801140529 |    88.65 |      1 |
| 14 |   15 | 8/2/19 20:07 | 10005 | 20190802200717 |    73.82 |      1 |
| 10 |   11 | 8/2/19 16:00 | 10005 | 20190802160014 |    63.13 |      2 |
|  8 |    9 | 8/2/19 13:18 | 10005 | 20190802131801 |    89.36 |      3 |
|  0 |    1 | 8/1/19 9:15  | 10005 | 20190801091540 |    48.43 |      4 |
| 13 |   14 | 8/2/19 19:05 | 10008 | 20190802190518 |    23.1  |      1 |
| 19 |   20 | 8/3/19 12:08 | 10009 | 20190803120818 |    47.99 |      1 |
| 17 |   18 | 8/3/19 9:02  | 10009 | 20190803090247 |     2.7  |      2 |
|  7 |    8 | 8/2/19 11:14 | 10009 | 20190802111424 |    95.66 |      3 |
|  6 |    7 | 8/2/19 8:13  | 10009 | 20190802081315 |    36.02 |      4 |
+----+------+--------------+-------+----------------+----------+--------+
