================================= Data summary =================================
Data frame has 7688 rows and 12 columns

Sampling 10 rows of data
+------+-----+-----+-------+-------+-------+-------+-------+-------+------+---------+-------+---------+
|      | A   | B   |   eAA |   eBB |   eAB |   rAA |   rBB |   rAB |   fB |   logRc |     W |   group |
|------+-----+-----+-------+-------+-------+-------+-------+-------+------+---------+-------+---------|
| 3196 | L   | J   |     1 | 0.6   | 1     |  1    | 0.95  | 0.975 |  0.7 |  -3.74  | 0.493 |       2 |
|   23 | L   | J   |     1 | 0.35  | 0.9   |  0.95 | 1     | 0.975 |  0.1 |  -2.073 | 0.143 |       3 |
| 2027 | L   | J   |     1 | 0.4   | 1.2   |  1    | 0.95  | 0.975 |  0.1 |  -2.041 | 0.397 |       2 |
| 5437 | L   | J   |     1 | 0.2   | 2.75  |  1    | 1     | 1     |  0.8 |  -6     | 0.584 |       1 |
| 1071 | L   | J   |     1 | 0.3   | 0.55  |  0.95 | 1     | 0.975 |  0.6 |  -2.417 | 0.442 |       3 |
| 1603 | L   | J   |     1 | 0.4   | 0.4   |  0.95 | 1     | 0.975 |  0.8 |  -2.393 | 0.436 |       3 |
| 5597 | L   | J   |     1 | 0.4   | 1.2   |  1    | 1     | 1     |  0.9 |  -3.179 | 0.481 |       1 |
| 6739 | B   | Ni  |     1 | 0.764 | 0.874 |  1    | 1.432 | 1.216 |  0.1 |  -6     | 0.557 |       4 |
| 3470 | L   | J   |     1 | 0.6   | 0.4   |  1    | 0.95  | 0.975 |  0.8 |  -2.289 | 0.448 |       2 |
| 5107 | L   | J   |     1 | 1     | 1.6   |  1    | 1     | 1     |  0.7 |  -2.193 | 0.439 |       1 |
+------+-----+-----+-------+-------+-------+-------+-------+-------+------+---------+-------+---------+

Statistics of each column of data 
+-------+-------+---------+---------+---------+---------+---------+---------+---------+---------+---------+
|       |   eAA |     eBB |     eAB |     rAA |     rBB |     rAB |      fB |   logRc |       W |   group |
|-------+-------+---------+---------+---------+---------+---------+---------+---------+---------+---------|
| count |  7688 | 7688    | 7688    | 7688    | 7688    | 7688    | 7688    | 7688    | 7688    | 7688    |
| mean  |     1 |    0.56 |    1.25 |    0.99 |    0.98 |    0.99 |    0.5  |   -3.55 |    0.47 |    2.63 |
| std   |     0 |    0.29 |    0.85 |    0.02 |    0.09 |    0.05 |    0.25 |    1.52 |    0.06 |    1.3  |
| min   |     1 |    0.05 |    0.3  |    0.95 |    0.7  |    0.85 |    0.05 |   -6    |    0.07 |    1    |
| 25%   |     1 |    0.3  |    0.74 |    1    |    0.95 |    0.98 |    0.3  |   -6    |    0.44 |    2    |
| 50%   |     1 |    0.6  |    0.92 |    1    |    1    |    0.98 |    0.5  |   -2.73 |    0.47 |    3    |
| 75%   |     1 |    0.8  |    1.5  |    1    |    1    |    1    |    0.7  |   -2.37 |    0.51 |    4    |
| max   |     1 |    1    |    5    |    1    |    1.43 |    1.22 |    0.95 |   -1.72 |    0.61 |    5    |
+-------+-------+---------+---------+---------+---------+---------+---------+---------+---------+---------+

Rows with NAN in any column
+-----+-----+-------+-------+-------+-------+-------+-------+------+---------+-----+---------+
| A   | B   | eAA   | eBB   | eAB   | rAA   | rBB   | rAB   | fB   | logRc   | W   | group   |
|-----+-----+-------+-------+-------+-------+-------+-------+------+---------+-----+---------|
+-----+-----+-------+-------+-------+-------+-------+-------+------+---------+-----+---------+
============================ Done with data summary ============================
================================= Data summary =================================
Data frame has 7688 rows and 12 columns

Sampling 10 rows of data
+------+-----+-----+-------+-------+-------+-------+-------+-------+------+---------+-------+---------+
|      | A   | B   |   eAA |   eBB |   eAB |   rAA |   rBB |   rAB |   fB |   logRc |     W |   group |
|------+-----+-----+-------+-------+-------+-------+-------+-------+------+---------+-------+---------|
| 1380 | L   | J   |     1 |   0.6 |  1.5  |  0.95 |  1    | 0.975 |  0.7 |  -2.393 | 0.383 |       3 |
|  485 | L   | J   |     1 |   1   |  1.4  |  0.95 |  1    | 0.975 |  0.3 |  -3.107 | 0.474 |       3 |
| 1579 | L   | J   |     1 |   0.6 |  0.3  |  0.95 |  1    | 0.975 |  0.8 |  -2.489 | 0.463 |       3 |
| 3955 | L   | J   |     1 |   0.4 |  2.25 |  1    |  1    | 1     |  0.1 |  -2.489 | 0.456 |       1 |
|   73 | L   | J   |     1 |   0.9 |  0.5  |  0.95 |  1    | 0.975 |  0.1 |  -2.305 | 0.418 |       3 |
| 1226 | L   | J   |     1 |   0.4 |  2.75 |  0.95 |  1    | 0.975 |  0.6 |  -4.237 | 0.505 |       3 |
| 5671 | L   | J   |     1 |   0.2 |  0.75 |  1    |  0.97 | 0.985 |  0.5 |  -4.285 | 0.519 |       5 |
| 3193 | L   | J   |     1 |   0.5 |  0.9  |  1    |  0.95 | 0.975 |  0.7 |  -3.58  | 0.504 |       2 |
| 5732 | L   | J   |     1 |   1   |  0.7  |  1    |  0.97 | 0.985 |  0.5 |  -2.265 | 0.415 |       5 |
| 2273 | L   | J   |     1 |   0.4 |  1.6  |  1    |  0.95 | 0.975 |  0.2 |  -2.417 | 0.415 |       2 |
+------+-----+-----+-------+-------+-------+-------+-------+-------+------+---------+-------+---------+

Statistics of each column of data 
+-------+-------+---------+---------+---------+---------+---------+---------+---------+---------+---------+
|       |   eAA |     eBB |     eAB |     rAA |     rBB |     rAB |      fB |   logRc |       W |   group |
|-------+-------+---------+---------+---------+---------+---------+---------+---------+---------+---------|
| count |  7688 | 7688    | 7688    | 7688    | 7688    | 7688    | 7688    | 7688    | 7688    | 7688    |
| mean  |     1 |    0.56 |    1.25 |    0.99 |    0.98 |    0.99 |    0.5  |   -3.55 |    0.47 |    2.63 |
| std   |     0 |    0.29 |    0.85 |    0.02 |    0.09 |    0.05 |    0.25 |    1.52 |    0.06 |    1.3  |
| min   |     1 |    0.05 |    0.3  |    0.95 |    0.7  |    0.85 |    0.05 |   -6    |    0.07 |    1    |
| 25%   |     1 |    0.3  |    0.74 |    1    |    0.95 |    0.98 |    0.3  |   -6    |    0.44 |    2    |
| 50%   |     1 |    0.6  |    0.92 |    1    |    1    |    0.98 |    0.5  |   -2.73 |    0.47 |    3    |
| 75%   |     1 |    0.8  |    1.5  |    1    |    1    |    1    |    0.7  |   -2.37 |    0.51 |    4    |
| max   |     1 |    1    |    5    |    1    |    1.43 |    1.22 |    0.95 |   -1.72 |    0.61 |    5    |
+-------+-------+---------+---------+---------+---------+---------+---------+---------+---------+---------+

Rows with NAN in any column
+-----+-----+-------+-------+-------+-------+-------+-------+------+---------+-----+---------+
| A   | B   | eAA   | eBB   | eAB   | rAA   | rBB   | rAB   | fB   | logRc   | W   | group   |
|-----+-----+-------+-------+-------+-------+-------+-------+------+---------+-----+---------|
+-----+-----+-------+-------+-------+-------+-------+-------+------+---------+-----+---------+
============================ Done with data summary ============================
x_train has type <class 'pandas.core.frame.DataFrame'>
orig data has 7688 rows
train data has 6150 rows
test data has 1538 rows
